[Categoria: 273 Valor: function Linha: 1 Coluna: 1]
[Categoria: 257 Valor: shellsort Linha: 1 Coluna: 10]
[Categoria: 284 Valor: ( Linha: 1 Coluna: 19]
[Categoria: 261 Valor: int Linha: 1 Coluna: 20]
[Categoria: 257 Valor: vet Linha: 1 Coluna: 24]
[Categoria: 286 Valor: [ Linha: 1 Coluna: 27]
[Categoria: 287 Valor: ] Linha: 1 Coluna: 28]
[Categoria: 291 Valor: , Linha: 1 Coluna: 29]
[Categoria: 261 Valor: int Linha: 1 Coluna: 31]
[Categoria: 257 Valor: size Linha: 1 Coluna: 35]
[Categoria: 285 Valor: ) Linha: 1 Coluna: 39]
[Categoria: 289 Valor: { Linha: 1 Coluna: 41]
[Categoria: 261 Valor: int Linha: 2 Coluna: 5]
[Categoria: 257 Valor: i Linha: 2 Coluna: 9]
[Categoria: 291 Valor: , Linha: 2 Coluna: 11]
[Categoria: 257 Valor: j Linha: 2 Coluna: 13]
[Categoria: 291 Valor: , Linha: 2 Coluna: 15]
[Categoria: 257 Valor: value Linha: 2 Coluna: 17]
[Categoria: 290 Valor: ; Linha: 2 Coluna: 22]
[Categoria: 261 Valor: int Linha: 3 Coluna: 5]
[Categoria: 257 Valor: gap Linha: 3 Coluna: 9]
[Categoria: 283 Valor: = Linha: 3 Coluna: 13]
[Categoria: 258 Valor: 1 Linha: 3 Coluna: 15]
[Categoria: 290 Valor: ; Linha: 3 Coluna: 16]
[Categoria: 267 Valor: while Linha: 4 Coluna: 5]
[Categoria: 284 Valor: ( Linha: 4 Coluna: 10]
[Categoria: 257 Valor: gap Linha: 4 Coluna: 11]
[Categoria: 256 Valor: < Linha: 4 Coluna: 15]
[Categoria: 257 Valor: size Linha: 4 Coluna: 17]
[Categoria: 285 Valor: ) Linha: 4 Coluna: 21]
[Categoria: 289 Valor: { Linha: 4 Coluna: 23]
[Categoria: 257 Valor: gap Linha: 5 Coluna: 9]
[Categoria: 283 Valor: = Linha: 5 Coluna: 13]
[Categoria: 258 Valor: 3 Linha: 5 Coluna: 15]
[Categoria: 281 Valor: * Linha: 5 Coluna: 16]
[Categoria: 257 Valor: gap Linha: 5 Coluna: 17]
[Categoria: 279 Valor: + Linha: 5 Coluna: 20]
[Categoria: 258 Valor: 1 Linha: 5 Coluna: 21]
[Categoria: 290 Valor: ; Linha: 5 Coluna: 22]
[Categoria: 288 Valor: } Linha: 6 Coluna: 5]
[Categoria: 267 Valor: while Linha: 7 Coluna: 5]
[Categoria: 284 Valor: ( Linha: 7 Coluna: 11]
[Categoria: 257 Valor: gap Linha: 7 Coluna: 13]
[Categoria: 256 Valor: > Linha: 7 Coluna: 17]
[Categoria: 258 Valor: 1 Linha: 7 Coluna: 19]
[Categoria: 285 Valor: ) Linha: 7 Coluna: 20]
[Categoria: 289 Valor: { Linha: 7 Coluna: 22]
[Categoria: 257 Valor: gap Linha: 8 Coluna: 9]
[Categoria: 283 Valor: = Linha: 8 Coluna: 13]
[Categoria: 257 Valor: gap Linha: 8 Coluna: 15]
[Categoria: 282 Valor: / Linha: 8 Coluna: 18]
[Categoria: 258 Valor: 3 Linha: 8 Coluna: 19]
[Categoria: 290 Valor: ; Linha: 8 Coluna: 20]
[Categoria: 266 Valor: for Linha: 9 Coluna: 9]
[Categoria: 284 Valor: ( Linha: 9 Coluna: 12]
[Categoria: 257 Valor: i Linha: 9 Coluna: 13]
[Categoria: 283 Valor: = Linha: 9 Coluna: 15]
[Categoria: 257 Valor: gap Linha: 9 Coluna: 17]
[Categoria: 290 Valor: ; Linha: 9 Coluna: 20]
[Categoria: 257 Valor: i Linha: 9 Coluna: 22]
[Categoria: 256 Valor: < Linha: 9 Coluna: 24]
[Categoria: 257 Valor: size Linha: 9 Coluna: 26]
[Categoria: 290 Valor: ; Linha: 9 Coluna: 30]
[Categoria: 257 Valor: i Linha: 9 Coluna: 32]
[Categoria: 283 Valor: = Linha: 9 Coluna: 34]
[Categoria: 257 Valor: i Linha: 9 Coluna: 36]
[Categoria: 279 Valor: + Linha: 9 Coluna: 38]
[Categoria: 258 Valor: 1 Linha: 9 Coluna: 40]
[Categoria: 285 Valor: ) Linha: 9 Coluna: 41]
[Categoria: 289 Valor: { Linha: 9 Coluna: 43]
[Categoria: 257 Valor: value Linha: 10 Coluna: 13]
[Categoria: 283 Valor: = Linha: 10 Coluna: 19]
[Categoria: 257 Valor: vet Linha: 10 Coluna: 21]
[Categoria: 286 Valor: [ Linha: 10 Coluna: 24]
[Categoria: 257 Valor: i Linha: 10 Coluna: 25]
[Categoria: 287 Valor: ] Linha: 10 Coluna: 26]
[Categoria: 290 Valor: ; Linha: 10 Coluna: 27]
[Categoria: 257 Valor: j Linha: 11 Coluna: 13]
[Categoria: 283 Valor: = Linha: 11 Coluna: 15]
[Categoria: 257 Valor: i Linha: 11 Coluna: 17]
[Categoria: 280 Valor: - Linha: 11 Coluna: 19]
[Categoria: 257 Valor: gap Linha: 11 Coluna: 21]
[Categoria: 290 Valor: ; Linha: 11 Coluna: 24]
[Categoria: 267 Valor: while Linha: 12 Coluna: 13]
[Categoria: 284 Valor: ( Linha: 12 Coluna: 19]
[Categoria: 257 Valor: j Linha: 12 Coluna: 20]
[Categoria: 256 Valor: >= Linha: 12 Coluna: 22]
[Categoria: 258 Valor: 0 Linha: 12 Coluna: 24]
[Categoria: 270 Valor: and Linha: 12 Coluna: 26]
[Categoria: 257 Valor: value Linha: 12 Coluna: 30]
[Categoria: 256 Valor: < Linha: 12 Coluna: 36]
[Categoria: 257 Valor: vet Linha: 12 Coluna: 38]
[Categoria: 286 Valor: [ Linha: 12 Coluna: 41]
[Categoria: 257 Valor: j Linha: 12 Coluna: 42]
[Categoria: 287 Valor: ] Linha: 12 Coluna: 43]
[Categoria: 285 Valor: ) Linha: 12 Coluna: 44]
[Categoria: 289 Valor: { Linha: 12 Coluna: 46]
[Categoria: 257 Valor: vet Linha: 13 Coluna: 17]
[Categoria: 286 Valor: [ Linha: 13 Coluna: 21]
[Categoria: 257 Valor: j Linha: 13 Coluna: 22]
[Categoria: 279 Valor: + Linha: 13 Coluna: 24]
[Categoria: 257 Valor: gap Linha: 13 Coluna: 26]
[Categoria: 287 Valor: ] Linha: 13 Coluna: 29]
[Categoria: 283 Valor: = Linha: 13 Coluna: 31]
[Categoria: 257 Valor: vet Linha: 13 Coluna: 33]
[Categoria: 286 Valor: [ Linha: 13 Coluna: 36]
[Categoria: 257 Valor: j Linha: 13 Coluna: 37]
[Categoria: 287 Valor: ] Linha: 13 Coluna: 38]
[Categoria: 290 Valor: ; Linha: 13 Coluna: 39]
[Categoria: 257 Valor: j Linha: 14 Coluna: 17]
[Categoria: 283 Valor: = Linha: 14 Coluna: 19]
[Categoria: 257 Valor: j Linha: 14 Coluna: 21]
[Categoria: 280 Valor: - Linha: 14 Coluna: 23]
[Categoria: 257 Valor: gap Linha: 14 Coluna: 25]
[Categoria: 290 Valor: ; Linha: 14 Coluna: 28]
[Categoria: 288 Valor: } Linha: 15 Coluna: 13]
[Categoria: 257 Valor: vet Linha: 16 Coluna: 13]
[Categoria: 286 Valor: [ Linha: 16 Coluna: 17]
[Categoria: 257 Valor: j Linha: 16 Coluna: 18]
[Categoria: 279 Valor: + Linha: 16 Coluna: 20]
[Categoria: 257 Valor: gap Linha: 16 Coluna: 22]
[Categoria: 287 Valor: ] Linha: 16 Coluna: 25]
[Categoria: 283 Valor: = Linha: 16 Coluna: 27]
[Categoria: 257 Valor: value Linha: 16 Coluna: 29]
[Categoria: 290 Valor: ; Linha: 16 Coluna: 34]
[Categoria: 288 Valor: } Linha: 17 Coluna: 9]
[Categoria: 288 Valor: } Linha: 18 Coluna: 5]
[Categoria: 288 Valor: } Linha: 19 Coluna: 1]
