[Categoria: 273 Valor: function Linha: 1 Coluna: 1]
[Categoria: 257 Valor: fibonacci Linha: 1 Coluna: 10]
[Categoria: 284 Valor: ( Linha: 1 Coluna: 19]
[Categoria: 261 Valor: int Linha: 1 Coluna: 20]
[Categoria: 257 Valor: n Linha: 1 Coluna: 24]
[Categoria: 285 Valor: ) Linha: 1 Coluna: 25]
[Categoria: 289 Valor: { Linha: 2 Coluna: 1]
[Categoria: 261 Valor: int Linha: 3 Coluna: 6]
[Categoria: 257 Valor: i Linha: 3 Coluna: 10]
[Categoria: 283 Valor: = Linha: 3 Coluna: 12]
[Categoria: 258 Valor: 0 Linha: 3 Coluna: 14]
[Categoria: 290 Valor: ; Linha: 3 Coluna: 15]
[Categoria: 261 Valor: int Linha: 4 Coluna: 6]
[Categoria: 257 Valor: j Linha: 4 Coluna: 10]
[Categoria: 283 Valor: = Linha: 4 Coluna: 12]
[Categoria: 258 Valor: 1 Linha: 4 Coluna: 14]
[Categoria: 290 Valor: ; Linha: 4 Coluna: 15]
[Categoria: 261 Valor: int Linha: 5 Coluna: 6]
[Categoria: 257 Valor: k Linha: 5 Coluna: 10]
[Categoria: 290 Valor: ; Linha: 5 Coluna: 11]
[Categoria: 266 Valor: for Linha: 6 Coluna: 6]
[Categoria: 284 Valor: ( Linha: 6 Coluna: 9]
[Categoria: 257 Valor: k Linha: 6 Coluna: 10]
[Categoria: 283 Valor: = Linha: 6 Coluna: 12]
[Categoria: 258 Valor: 1 Linha: 6 Coluna: 14]
[Categoria: 290 Valor: ; Linha: 6 Coluna: 15]
[Categoria: 257 Valor: k Linha: 6 Coluna: 17]
[Categoria: 256 Valor: < Linha: 6 Coluna: 19]
[Categoria: 257 Valor: n Linha: 6 Coluna: 21]
[Categoria: 290 Valor: ; Linha: 6 Coluna: 22]
[Categoria: 257 Valor: k Linha: 6 Coluna: 24]
[Categoria: 283 Valor: = Linha: 6 Coluna: 26]
[Categoria: 257 Valor: k Linha: 6 Coluna: 28]
[Categoria: 279 Valor: + Linha: 6 Coluna: 30]
[Categoria: 258 Valor: 1 Linha: 6 Coluna: 32]
[Categoria: 285 Valor: ) Linha: 6 Coluna: 33]
[Categoria: 289 Valor: { Linha: 6 Coluna: 34]
[Categoria: 278 Valor: output Linha: 7 Coluna: 14]
[Categoria: 284 Valor: ( Linha: 7 Coluna: 20]
[Categoria: 257 Valor: i Linha: 7 Coluna: 21]
[Categoria: 285 Valor: ) Linha: 7 Coluna: 22]
[Categoria: 290 Valor: ; Linha: 7 Coluna: 23]
[Categoria: 261 Valor: int Linha: 8 Coluna: 14]
[Categoria: 257 Valor: t Linha: 8 Coluna: 18]
[Categoria: 283 Valor: = Linha: 8 Coluna: 20]
[Categoria: 257 Valor: i Linha: 8 Coluna: 22]
[Categoria: 279 Valor: + Linha: 8 Coluna: 24]
[Categoria: 257 Valor: j Linha: 8 Coluna: 26]
[Categoria: 290 Valor: ; Linha: 8 Coluna: 27]
[Categoria: 257 Valor: i Linha: 9 Coluna: 14]
[Categoria: 283 Valor: = Linha: 9 Coluna: 16]
[Categoria: 257 Valor: j Linha: 9 Coluna: 18]
[Categoria: 290 Valor: ; Linha: 9 Coluna: 19]
[Categoria: 257 Valor: j Linha: 10 Coluna: 14]
[Categoria: 283 Valor: = Linha: 10 Coluna: 16]
[Categoria: 257 Valor: t Linha: 10 Coluna: 18]
[Categoria: 290 Valor: ; Linha: 10 Coluna: 19]
[Categoria: 288 Valor: } Linha: 11 Coluna: 6]
[Categoria: 274 Valor: return Linha: 12 Coluna: 6]
[Categoria: 257 Valor: j Linha: 12 Coluna: 13]
[Categoria: 290 Valor: ; Linha: 12 Coluna: 14]
[Categoria: 288 Valor: } Linha: 13 Coluna: 1]
